This is pdfTeX, Version 3.14159265-2.6-1.40.15 (TeX Live 2014) (preloaded format=pdflatex 2014.5.25)  10 MAY 2015 23:57
entering extended mode
 restricted \write18 enabled.
 file:line:error style messages enabled.
 %&-line parsing enabled.
**main.tex
(./main.tex
LaTeX2e <2014/05/01>
Babel <3.9k> and hyphenation patterns for 78 languages loaded.
(/usr/local/texlive/2014/texmf-dist/tex/latex/base/article.cls
Document Class: article 2007/10/19 v1.4h Standard LaTeX document class
(/usr/local/texlive/2014/texmf-dist/tex/latex/base/size12.clo
File: size12.clo 2007/10/19 v1.4h Standard LaTeX file (size option)
)
\c@part=\count79
\c@section=\count80
\c@subsection=\count81
\c@subsubsection=\count82
\c@paragraph=\count83
\c@subparagraph=\count84
\c@figure=\count85
\c@table=\count86
\abovecaptionskip=\skip41
\belowcaptionskip=\skip42
\bibindent=\dimen102
) (./acl2012.sty
Conference Style for ACL 2005 -- released Octobe 11, 2004
\titlebox=\skip43
) (/usr/local/texlive/2014/texmf-dist/tex/latex/psnfss/times.sty
Package: times 2005/04/12 PSNFSS-v9.2a (SPQR) 
)
(/usr/local/texlive/2014/texmf-dist/tex/latex/base/latexsym.sty
Package: latexsym 1998/08/17 v2.2e Standard LaTeX package (lasy symbols)
\symlasy=\mathgroup4
LaTeX Font Info:    Overwriting symbol font `lasy' in version `bold'
(Font)                  U/lasy/m/n --> U/lasy/b/n on input line 47.
)
(/usr/local/texlive/2014/texmf-dist/tex/latex/amsmath/amsmath.sty
Package: amsmath 2013/01/14 v2.14 AMS math features
\@mathmargin=\skip44

For additional information on amsmath, use the `?' option.
(/usr/local/texlive/2014/texmf-dist/tex/latex/amsmath/amstext.sty
Package: amstext 2000/06/29 v2.01

(/usr/local/texlive/2014/texmf-dist/tex/latex/amsmath/amsgen.sty
File: amsgen.sty 1999/11/30 v2.0
\@emptytoks=\toks14
\ex@=\dimen103
))
(/usr/local/texlive/2014/texmf-dist/tex/latex/amsmath/amsbsy.sty
Package: amsbsy 1999/11/29 v1.2d
\pmbraise@=\dimen104
)
(/usr/local/texlive/2014/texmf-dist/tex/latex/amsmath/amsopn.sty
Package: amsopn 1999/12/14 v2.01 operator names
)
\inf@bad=\count87
LaTeX Info: Redefining \frac on input line 210.
\uproot@=\count88
\leftroot@=\count89
LaTeX Info: Redefining \overline on input line 306.
\classnum@=\count90
\DOTSCASE@=\count91
LaTeX Info: Redefining \ldots on input line 378.
LaTeX Info: Redefining \dots on input line 381.
LaTeX Info: Redefining \cdots on input line 466.
\Mathstrutbox@=\box26
\strutbox@=\box27
\big@size=\dimen105
LaTeX Font Info:    Redeclaring font encoding OML on input line 566.
LaTeX Font Info:    Redeclaring font encoding OMS on input line 567.
\macc@depth=\count92
\c@MaxMatrixCols=\count93
\dotsspace@=\muskip10
\c@parentequation=\count94
\dspbrk@lvl=\count95
\tag@help=\toks15
\row@=\count96
\column@=\count97
\maxfields@=\count98
\andhelp@=\toks16
\eqnshift@=\dimen106
\alignsep@=\dimen107
\tagshift@=\dimen108
\tagwidth@=\dimen109
\totwidth@=\dimen110
\lineht@=\dimen111
\@envbody=\toks17
\multlinegap=\skip45
\multlinetaggap=\skip46
\mathdisplay@stack=\toks18
LaTeX Info: Redefining \[ on input line 2665.
LaTeX Info: Redefining \] on input line 2666.
)
(/usr/local/texlive/2014/texmf-dist/tex/latex/multirow/multirow.sty
\bigstrutjot=\dimen112
)
(/usr/local/texlive/2014/texmf-dist/tex/latex/url/url.sty
\Urlmuskip=\muskip11
Package: url 2013/09/16  ver 3.4  Verb mode for urls, etc.
)
(/usr/local/texlive/2014/texmf-dist/tex/latex/graphics/graphicx.sty
Package: graphicx 2014/04/25 v1.0g Enhanced LaTeX Graphics (DPC,SPQR)

(/usr/local/texlive/2014/texmf-dist/tex/latex/graphics/keyval.sty
Package: keyval 2014/05/08 v1.15 key=value parser (DPC)
\KV@toks@=\toks19
)
(/usr/local/texlive/2014/texmf-dist/tex/latex/graphics/graphics.sty
Package: graphics 2009/02/05 v1.0o Standard LaTeX Graphics (DPC,SPQR)

(/usr/local/texlive/2014/texmf-dist/tex/latex/graphics/trig.sty
Package: trig 1999/03/16 v1.09 sin cos tan (DPC)
)
(/usr/local/texlive/2014/texmf-dist/tex/latex/latexconfig/graphics.cfg
File: graphics.cfg 2010/04/23 v1.9 graphics configuration of TeX Live
)
Package graphics Info: Driver file: pdftex.def on input line 91.

(/usr/local/texlive/2014/texmf-dist/tex/latex/pdftex-def/pdftex.def
File: pdftex.def 2011/05/27 v0.06d Graphics/color for pdfTeX

(/usr/local/texlive/2014/texmf-dist/tex/generic/oberdiek/infwarerr.sty
Package: infwarerr 2010/04/08 v1.3 Providing info/warning/error messages (HO)
)
(/usr/local/texlive/2014/texmf-dist/tex/generic/oberdiek/ltxcmds.sty
Package: ltxcmds 2011/11/09 v1.22 LaTeX kernel commands for general use (HO)
)
\Gread@gobject=\count99
))
\Gin@req@height=\dimen113
\Gin@req@width=\dimen114
)
(/usr/local/texlive/2014/texmf-dist/tex/latex/graphics/color.sty
Package: color 2014/04/23 v1.1a Standard LaTeX Color (DPC)

(/usr/local/texlive/2014/texmf-dist/tex/latex/latexconfig/color.cfg
File: color.cfg 2007/01/18 v1.5 color configuration of teTeX/TeXLive
)
Package color Info: Driver file: pdftex.def on input line 137.
)
(./main.aux

LaTeX Warning: Label `fig:socketio' multiply defined.


LaTeX Warning: Label `' multiply defined.


LaTeX Warning: Label `' multiply defined.


LaTeX Warning: Label `' multiply defined.


LaTeX Warning: Label `' multiply defined.


LaTeX Warning: Label `' multiply defined.


LaTeX Warning: Label `' multiply defined.


LaTeX Warning: Label `' multiply defined.


LaTeX Warning: Label `' multiply defined.


LaTeX Warning: Label `' multiply defined.


LaTeX Warning: Label `' multiply defined.


LaTeX Warning: Label `' multiply defined.


LaTeX Warning: Label `' multiply defined.


LaTeX Warning: Label `' multiply defined.


LaTeX Warning: Label `' multiply defined.

)
\openout1 = `main.aux'.

LaTeX Font Info:    Checking defaults for OML/cmm/m/it on input line 39.
LaTeX Font Info:    ... okay on input line 39.
LaTeX Font Info:    Checking defaults for T1/cmr/m/n on input line 39.
LaTeX Font Info:    ... okay on input line 39.
LaTeX Font Info:    Checking defaults for OT1/cmr/m/n on input line 39.
LaTeX Font Info:    ... okay on input line 39.
LaTeX Font Info:    Checking defaults for OMS/cmsy/m/n on input line 39.
LaTeX Font Info:    ... okay on input line 39.
LaTeX Font Info:    Checking defaults for OMX/cmex/m/n on input line 39.
LaTeX Font Info:    ... okay on input line 39.
LaTeX Font Info:    Checking defaults for U/cmr/m/n on input line 39.
LaTeX Font Info:    ... okay on input line 39.
LaTeX Font Info:    Try loading font information for OT1+ptm on input line 39.
 (/usr/local/texlive/2014/texmf-dist/tex/latex/psnfss/ot1ptm.fd
File: ot1ptm.fd 2001/06/04 font definitions for OT1/ptm.
)
(/usr/local/texlive/2014/texmf-dist/tex/context/base/supp-pdf.mkii
[Loading MPS to PDF converter (version 2006.09.02).]
\scratchcounter=\count100
\scratchdimen=\dimen115
\scratchbox=\box28
\nofMPsegments=\count101
\nofMParguments=\count102
\everyMPshowfont=\toks20
\MPscratchCnt=\count103
\MPscratchDim=\dimen116
\MPnumerator=\count104
\makeMPintoPDFobject=\count105
\everyMPtoPDFconversion=\toks21
) (/usr/local/texlive/2014/texmf-dist/tex/generic/oberdiek/pdftexcmds.sty
Package: pdftexcmds 2011/11/29 v0.20 Utility functions of pdfTeX for LuaTeX (HO
)

(/usr/local/texlive/2014/texmf-dist/tex/generic/oberdiek/ifluatex.sty
Package: ifluatex 2010/03/01 v1.3 Provides the ifluatex switch (HO)
Package ifluatex Info: LuaTeX not detected.
)
(/usr/local/texlive/2014/texmf-dist/tex/generic/oberdiek/ifpdf.sty
Package: ifpdf 2011/01/30 v2.3 Provides the ifpdf switch (HO)
Package ifpdf Info: pdfTeX in PDF mode is detected.
)
Package pdftexcmds Info: LuaTeX not detected.
Package pdftexcmds Info: \pdf@primitive is available.
Package pdftexcmds Info: \pdf@ifprimitive is available.
Package pdftexcmds Info: \pdfdraftmode found.
)
(/usr/local/texlive/2014/texmf-dist/tex/latex/oberdiek/epstopdf-base.sty
Package: epstopdf-base 2010/02/09 v2.5 Base part for package epstopdf

(/usr/local/texlive/2014/texmf-dist/tex/latex/oberdiek/grfext.sty
Package: grfext 2010/08/19 v1.1 Manage graphics extensions (HO)

(/usr/local/texlive/2014/texmf-dist/tex/generic/oberdiek/kvdefinekeys.sty
Package: kvdefinekeys 2011/04/07 v1.3 Define keys (HO)
))
(/usr/local/texlive/2014/texmf-dist/tex/latex/oberdiek/kvoptions.sty
Package: kvoptions 2011/06/30 v3.11 Key value format for package options (HO)

(/usr/local/texlive/2014/texmf-dist/tex/generic/oberdiek/kvsetkeys.sty
Package: kvsetkeys 2012/04/25 v1.16 Key value parser (HO)

(/usr/local/texlive/2014/texmf-dist/tex/generic/oberdiek/etexcmds.sty
Package: etexcmds 2011/02/16 v1.5 Avoid name clashes with e-TeX commands (HO)
Package etexcmds Info: Could not find \expanded.
(etexcmds)             That can mean that you are not using pdfTeX 1.50 or
(etexcmds)             that some package has redefined \expanded.
(etexcmds)             In the latter case, load this package earlier.
)))
Package grfext Info: Graphics extension search list:
(grfext)             [.png,.pdf,.jpg,.mps,.jpeg,.jbig2,.jb2,.PNG,.PDF,.JPG,.JPE
G,.JBIG2,.JB2,.eps]
(grfext)             \AppendGraphicsExtensions on input line 452.

(/usr/local/texlive/2014/texmf-dist/tex/latex/latexconfig/epstopdf-sys.cfg
File: epstopdf-sys.cfg 2010/07/13 v1.3 Configuration of (r)epstopdf for TeX Liv
e
))
LaTeX Font Info:    Font shape `OT1/ptm/bx/n' in size <17.28> not available
(Font)              Font shape `OT1/ptm/b/n' tried instead on input line 40.
LaTeX Font Info:    Try loading font information for U+lasy on input line 40.

(/usr/local/texlive/2014/texmf-dist/tex/latex/base/ulasy.fd
File: ulasy.fd 1998/08/17 v2.2e LaTeX symbol font definitions
)
LaTeX Font Info:    Font shape `OT1/ptm/bx/n' in size <14.4> not available
(Font)              Font shape `OT1/ptm/b/n' tried instead on input line 40.
LaTeX Font Info:    Try loading font information for OT1+pcr on input line 40.

(/usr/local/texlive/2014/texmf-dist/tex/latex/psnfss/ot1pcr.fd
File: ot1pcr.fd 2001/06/04 font definitions for OT1/pcr.
)
Underfull \vbox (badness 6332) has occurred while \output is active []

 [1{/usr/local/texlive/2014/texmf-var/fonts/map/pdftex/updmap/pdftex.map}




]
LaTeX Font Info:    Try loading font information for OMS+ptm on input line 70.

(/usr/local/texlive/2014/texmf-dist/tex/latex/psnfss/omsptm.fd
File: omsptm.fd 
)
LaTeX Font Info:    Font shape `OMS/ptm/m/n' in size <12> not available
(Font)              Font shape `OMS/cmsy/m/n' tried instead on input line 70.

Underfull \hbox (badness 3471) in paragraph at lines 71--72
[]\OT1/ptm/m/n/12 a server that ac-cepts in-com-ing video
 []


Underfull \hbox (badness 1655) in paragraph at lines 71--72
\OT1/ptm/m/n/12 stream and for-wards them to view-ers'
 []


Underfull \hbox (badness 1337) in paragraph at lines 74--75
\OT1/ptm/m/n/12 broad-cast-ing soft-ware choices, de-scribe our
 []

LaTeX Font Info:    Font shape `OT1/ptm/bx/n' in size <12> not available
(Font)              Font shape `OT1/ptm/b/n' tried instead on input line 75.
[2] [3] <socketio.png, id=17, 423.5825pt x 291.0875pt>
File: socketio.png Graphic file (type png)
 <use socketio.png>
Package pdftex.def Info: socketio.png used on input line 92.
(pdftex.def)             Requested size: 164.4171pt x 112.98622pt.

[4 <./socketio.png>]
Underfull \hbox (badness 2165) in paragraph at lines 114--115
\OT1/ptm/m/n/12 a read-after-write and read-after-update
 []


Underfull \hbox (badness 2088) in paragraph at lines 118--119
[]\OT1/ptm/m/n/12 Support for re-sum-able up-load: which
 []


Underfull \hbox (badness 1325) in paragraph at lines 129--130
\OT1/ptm/m/n/12 This spawns a new pro-cess which runs in
 []


Underfull \hbox (badness 3954) in paragraph at lines 129--130
\OT1/ptm/m/n/12 the back-ground and starts mon-i-tor-ing the
 []


Underfull \hbox (badness 4341) in paragraph at lines 129--130
\OT1/ptm/m/n/12 spec-i-fied folder or file for the fol-low-ing
 []


Underfull \hbox (badness 3635) in paragraph at lines 129--130
\OT1/ptm/m/n/12 events: mod-ify,attrib,close,write,move,create
 []

[5] <3cpu.png, id=26, 716.6775pt x 576.1525pt>
File: 3cpu.png Graphic file (type png)
 <use 3cpu.png>
Package pdftex.def Info: 3cpu.png used on input line 142.
(pdftex.def)             Requested size: 234.87749pt x 188.82098pt.

Overfull \hbox (7.22688pt too wide) in paragraph at lines 142--143
 [][] 
 []

<3network.png, id=27, 728.7225pt x 503.8825pt>
File: 3network.png Graphic file (type png)
 <use 3network.png>
Package pdftex.def Info: 3network.png used on input line 148.
(pdftex.def)             Requested size: 234.87749pt x 162.40668pt.

Overfull \hbox (7.22688pt too wide) in paragraph at lines 148--149
 [][] 
 []

<one.png, id=28, 553.06625pt x 500.87125pt>
File: one.png Graphic file (type png)
 <use one.png>
Package pdftex.def Info: one.png used on input line 154.
(pdftex.def)             Requested size: 234.87749pt x 212.71078pt.

Overfull \hbox (7.22688pt too wide) in paragraph at lines 154--155
 [][] 
 []

[6 <./3cpu.png> <./3network.png>] [7 <./one.png>]
<baskar.png, id=38, 773.89125pt x 389.455pt>
File: baskar.png Graphic file (type png)
 <use baskar.png>
Package pdftex.def Info: baskar.png used on input line 170.
(pdftex.def)             Requested size: 234.87749pt x 118.19824pt.

Overfull \hbox (7.22688pt too wide) in paragraph at lines 170--171
 [][] 
 []


Underfull \vbox (badness 4441) has occurred while \output is active []

 [8 <./baskar.png>] <vj.png, id=42, 846.16125pt x 493.845pt>
File: vj.png Graphic file (type png)
 <use vj.png>
Package pdftex.def Info: vj.png used on input line 197.
(pdftex.def)             Requested size: 227.64026pt x 142.2619pt.
 [9 <./vj.png>]
Underfull \hbox (badness 4872) in paragraph at lines 221--222
[]\OT1/ptm/m/n/10.95 ``livecoding.tv" 2004. 6 Apr. 2015 $\OT1/pcr/m/n/10.95 htt
p : / /
 []


Underfull \hbox (badness 4254) in paragraph at lines 225--226
[]\OT1/ptm/m/n/10.95 ``Twitch." 2004. 6 Apr. 2015 $\OT1/pcr/m/n/10.95 http : / 
/ www .
 []


Underfull \hbox (badness 3861) in paragraph at lines 233--234
[]\OT1/ptm/m/n/10.95 ``FFsplit." 2012. 6 Apr. 2015 $\OT1/pcr/m/n/10.95 http : /
 / www .
 []


Underfull \hbox (badness 10000) in paragraph at lines 235--236
[]\OT1/ptm/m/n/10.95 ``Live We-b-cast-ing Soft-ware | Telestream
 []


Underfull \hbox (badness 10000) in paragraph at lines 235--236
\OT1/ptm/m/n/10.95 Wire-cast | Overview." 2011. 6 Apr.
 []


Underfull \hbox (badness 10000) in paragraph at lines 235--236
\OT1/ptm/m/n/10.95 2015 $\OT1/pcr/m/n/10.95 http : / / www . telestream . net /

 []


Underfull \hbox (badness 2343) in paragraph at lines 237--239
[]\OT1/ptm/m/n/10.95 ``Tunneling with RTMP en-cap-su-lated in HTTP
 []


Underfull \hbox (badness 2961) in paragraph at lines 237--239
\OT1/ptm/m/n/10.95 (RTMPT ..." 2013. 6 Apr. 2015 $\OT1/pcr/m/n/10.95 http : / /

 []


Underfull \hbox (badness 10000) in paragraph at lines 237--239
\OT1/pcr/m/n/10.95 blogs . adobe . com / connectsupport /
 []


Overfull \hbox (355.61859pt too wide) in paragraph at lines 237--239
\OT1/pcr/m/n/10.95 tunneling-[]with-[]rtmp-[]encapsulated-[]in-[]http-[]rtmpt-[
]should-[]be-[]avoided-[]as-[]it-[]causes-[]latency/$ 
 []

Missing character: There is no · in font ptmr7t!

Underfull \hbox (badness 10000) in paragraph at lines 242--243
\OT1/pcr/m/n/10.95 https : / / github . com / jwplayer /
 []

Missing character: There is no · in font ptmr7t!

Underfull \hbox (badness 10000) in paragraph at lines 246--247
\OT1/pcr/m/n/10.95 https : / / github . com / Automattic /
 []


Underfull \hbox (badness 3536) in paragraph at lines 250--251
[]\OT1/ptm/m/n/10.95 ``Socket.IO ? Us-ing mul-ti-ple nodes." 2014. 6
 []


Underfull \hbox (badness 10000) in paragraph at lines 250--251
\OT1/ptm/m/n/10.95 Apr. 2015 $\OT1/pcr/m/n/10.95 http : / / socket . io / docs 
/
 []


Underfull \hbox (badness 10000) in paragraph at lines 254--256
[]\OT1/ptm/m/n/10.95 ``Objects - Cloud Stor-age Google Cloud
 []


Underfull \hbox (badness 10000) in paragraph at lines 254--256
\OT1/ptm/m/n/10.95 Plat-form". 2014. 6 Apr. 2015 $\OT1/pcr/m/n/10.95 https :
 []


Underfull \hbox (badness 10000) in paragraph at lines 254--256
\OT1/pcr/m/n/10.95 / / cloud . google . com / storage / docs /
 []


Underfull \hbox (badness 4927) in paragraph at lines 257--258
[]\OT1/ptm/m/n/10.95 ``Google Cloud Stor-age JSON API Overview
 []


Underfull \hbox (badness 7907) in paragraph at lines 257--258
\OT1/ptm/m/n/10.95 - Cloud Stor-age ..." 2014. 6 Apr. 2015
 []


Underfull \hbox (badness 10000) in paragraph at lines 257--258
\OT1/pcr/m/n/10.95 https : / / cloud . google . com /
 []


Underfull \hbox (badness 10000) in paragraph at lines 259--260
[]\OT1/ptm/m/n/10.95 ``Buckets - Cloud Stor-age Google Cloud
 []


Underfull \hbox (badness 10000) in paragraph at lines 259--260
\OT1/ptm/m/n/10.95 Plat-form." 2014. 6 Apr. 2015,$\OT1/pcr/m/n/10.95 https :
 []


Underfull \hbox (badness 10000) in paragraph at lines 259--260
\OT1/pcr/m/n/10.95 / / cloud . google . com / storage / docs /
 []


Underfull \hbox (badness 10000) in paragraph at lines 261--262
\OT1/ptm/m/n/10.95 Plat-form." 2014. 6 Apr. 2015,$\OT1/pcr/m/n/10.95 https :
 []


Underfull \hbox (badness 10000) in paragraph at lines 261--262
\OT1/pcr/m/n/10.95 / / cloud . google . com / storage / docs /
 []

[10]
Underfull \hbox (badness 1163) in paragraph at lines 263--264
[]\OT1/ptm/m/n/10.95 ``API Ref-er-ence - Cloud Stor-age Google Cloud
 []


Underfull \hbox (badness 10000) in paragraph at lines 263--264
\OT1/ptm/m/n/10.95 Plat-form." 2014. 6 Apr. 2015,$\OT1/pcr/m/n/10.95 https :
 []


Underfull \hbox (badness 10000) in paragraph at lines 263--264
\OT1/pcr/m/n/10.95 / / cloud . google . com / storage / docs /
 []

Missing character: There is no · in font ptmr7t!

Underfull \hbox (badness 10000) in paragraph at lines 267--268
[]\OT1/ptm/m/n/10.95 ``GoogleCloudPlatform/crc32c-java  GitHub."
 []


Underfull \hbox (badness 8019) in paragraph at lines 271--272
[]\OT1/ptm/m/n/10.95 ``Google De-vel-op-ers Con-sole." 2014. 6 Apr.
 []


Underfull \hbox (badness 10000) in paragraph at lines 271--272
\OT1/ptm/m/n/10.95 2015, $\OT1/pcr/m/n/10.95 https : / / console . developers .

 []


Underfull \hbox (badness 10000) in paragraph at lines 277--278
\OT1/ptm/m/n/10.95 10 May. 2015,$\OT1/pcr/m/n/10.95 http : / / en . wikipedia .

 []


Underfull \hbox (badness 10000) in paragraph at lines 279--280
[]\OT1/ptm/m/n/10.95 ``Nearline Stor-age - Cloud Stor-age Google
 []


Underfull \hbox (badness 10000) in paragraph at lines 279--280
\OT1/ptm/m/n/10.95 Cloud Plat-form." 2015. 10 May. 2015,
 []


Underfull \hbox (badness 10000) in paragraph at lines 279--280
\OT1/pcr/m/n/10.95 https : / / cloud . google . com /
 []


Underfull \hbox (badness 1242) in paragraph at lines 283--284
[]\OT1/ptm/m/n/10.95 ``HTTP/1.1: Sta-tus Code Def-i-ni-tions." 10 May.
 []


Underfull \hbox (badness 10000) in paragraph at lines 283--284
\OT1/ptm/m/n/10.95 2015,$\OT1/pcr/m/n/10.95 http : / / www . w3 . org / Protoco
ls /
 []


Underfull \hbox (badness 10000) in paragraph at lines 285--286
[]\OT1/ptm/m/n/10.95 ``Race Con-di-tions." 10 May. 2015, $\OT1/pcr/m/n/10.95 ht
tp :
 []


Underfull \hbox (badness 10000) in paragraph at lines 285--286
\OT1/pcr/m/n/10.95 / / en . wikipedia . org / wiki / Race _
 []


Underfull \vbox (badness 1028) has occurred while \output is active []

 [11]
[12

] (./main.aux)

LaTeX Warning: There were multiply-defined labels.

 ) 
Here is how much of TeX's memory you used:
 2429 strings out of 493117
 33269 string characters out of 6135433
 100655 words of memory out of 5000000
 5830 multiletter control sequences out of 15000+600000
 22462 words of font info for 58 fonts, out of 8000000 for 9000
 1141 hyphenation exceptions out of 8191
 38i,10n,23p,2591b,314s stack positions out of 5000i,500n,10000p,200000b,80000s
{/usr/local/texlive/2014/texmf-dist/fonts/enc/dvips/base/8r.enc}</usr/local/t
exlive/2014/texmf-dist/fonts/type1/public/amsfonts/cm/cmsy10.pfb></usr/local/te
xlive/2014/texmf-dist/fonts/type1/urw/courier/ucrr8a.pfb></usr/local/texlive/20
14/texmf-dist/fonts/type1/urw/times/utmb8a.pfb></usr/local/texlive/2014/texmf-d
ist/fonts/type1/urw/times/utmr8a.pfb></usr/local/texlive/2014/texmf-dist/fonts/
type1/urw/times/utmri8a.pfb>
Output written on main.pdf (12 pages, 235147 bytes).
PDF statistics:
 74 PDF objects out of 1000 (max. 8388607)
 45 compressed objects within 1 object stream
 0 named destinations out of 1000 (max. 500000)
 31 words of extra memory for PDF output out of 10000 (max. 10000000)

